<?xml version="1.0" encoding="UTF-8"?>
<testsuite name="com.abedelazizshe.lightcompressorlibrary.ExampleUnitTest" tests="1" skipped="0" failures="0" errors="0" timestamp="2022-12-09T15:44:32" hostname="fedora" time="0.004">
  <properties/>
  <testcase name="addition_isCorrect" classname="com.abedelazizshe.lightcompressorlibrary.ExampleUnitTest" time="0.004"/>
  <system-out><![CDATA[]]></system-out>
  <system-err><![CDATA[]]></system-err>
</testsuite>
